features/video-tests-impl/build/intermediates/manifest_merge_blame_file/debug/manifest-merger-blame-debug-report.txt
1<?xml version="1.0" encoding="utf-8"?>
2<manifest xmlns:android="http://schemas.android.com/apk/res/android"
3    package="ru.fefu.video_tests_impl" >
4
5    <uses-sdk android:minSdkVersion="26" />
6
7    <uses-feature android:name="android.hardware.camera.any" />
7-->src\main\AndroidManifest.xml:4:5-64
7-->src\main\AndroidManifest.xml:4:19-61
8
9    <uses-permission android:name="android.permission.CAMERA" />
9-->src\main\AndroidManifest.xml:6:5-65
9-->src\main\AndroidManifest.xml:6:22-62
10    <uses-permission
10-->src\main\AndroidManifest.xml:7:5-9:38
11        android:name="android.permission.WRITE_EXTERNAL_STORAGE"
11-->src\main\AndroidManifest.xml:8:9-65
12        android:maxSdkVersion="28" />
12-->src\main\AndroidManifest.xml:9:9-35
13
14</manifest>